<?xml version="1.0" encoding="UTF-8"?>
<coverage generated="1510764045550" clover="3.2.0">
  <project timestamp="1510764045551" name="All files">
    <metrics statements="22" coveredstatements="0" conditionals="2" coveredconditionals="0" methods="11" coveredmethods="0" elements="35" coveredelements="0" complexity="0" loc="22" ncloc="22" packages="1" files="1" classes="1">
      <file name="script.js" path="/Users/bootcamp/Desktop/hb-javascript-test-101/script.js">
        <metrics statements="22" coveredstatements="0" conditionals="2" coveredconditionals="0" methods="11" coveredmethods="0"/>
        <line num="2" count="0" type="stmt"/>
        <line num="9" count="0" type="stmt"/>
        <line num="11" count="0" type="stmt"/>
        <line num="12" count="0" type="stmt"/>
        <line num="13" count="0" type="stmt"/>
        <line num="18" count="0" type="stmt"/>
        <line num="19" count="0" type="stmt"/>
        <line num="20" count="0" type="cond" truecount="0" falsecount="2"/>
        <line num="21" count="0" type="stmt"/>
        <line num="24" count="0" type="stmt"/>
        <line num="28" count="0" type="stmt"/>
        <line num="32" count="0" type="stmt"/>
        <line num="33" count="0" type="stmt"/>
        <line num="34" count="0" type="stmt"/>
        <line num="36" count="0" type="stmt"/>
        <line num="40" count="0" type="stmt"/>
        <line num="44" count="0" type="stmt"/>
        <line num="45" count="0" type="stmt"/>
        <line num="50" count="0" type="stmt"/>
        <line num="51" count="0" type="stmt"/>
        <line num="54" count="0" type="stmt"/>
        <line num="59" count="0" type="stmt"/>
      </file>
    </metrics>
  </project>
</coverage>
