{"/Users/bootcamp/Desktop/hb-javascript-test-101/script.js": {"path":"/Users/bootcamp/Desktop/hb-javascript-test-101/script.js","statementMap":{"0":{"start":{"line":2,"column":8},"end":{"line":3,"column":79}},"1":{"start":{"line":9,"column":16},"end":{"line":9,"column":34}},"2":{"start":{"line":11,"column":8},"end":{"line":11,"column":29}},"3":{"start":{"line":12,"column":23},"end":{"line":12,"column":51}},"4":{"start":{"line":13,"column":8},"end":{"line":13,"column":24}},"5":{"start":{"line":18,"column":22},"end":{"line":18,"column":24}},"6":{"start":{"line":19,"column":8},"end":{"line":23,"column":9}},"7":{"start":{"line":20,"column":16},"end":{"line":22,"column":17}},"8":{"start":{"line":21,"column":24},"end":{"line":21,"column":47}},"9":{"start":{"line":24,"column":8},"end":{"line":24,"column":21}},"10":{"start":{"line":28,"column":8},"end":{"line":28,"column":38}},"11":{"start":{"line":32,"column":24},"end":{"line":32,"column":26}},"12":{"start":{"line":33,"column":8},"end":{"line":35,"column":9}},"13":{"start":{"line":34,"column":16},"end":{"line":34,"column":55}},"14":{"start":{"line":36,"column":8},"end":{"line":36,"column":23}},"15":{"start":{"line":40,"column":8},"end":{"line":40,"column":37}},"16":{"start":{"line":44,"column":26},"end":{"line":44,"column":59}},"17":{"start":{"line":45,"column":8},"end":{"line":45,"column":102}},"18":{"start":{"line":50,"column":16},"end":{"line":50,"column":33}},"19":{"start":{"line":51,"column":16},"end":{"line":51,"column":31}},"20":{"start":{"line":54,"column":16},"end":{"line":54,"column":39}},"21":{"start":{"line":59,"column":8},"end":{"line":59,"column":32}}},"fnMap":{"0":{"name":"generateRandomColor","decl":{"start":{"line":1,"column":16},"end":{"line":1,"column":35}},"loc":{"start":{"line":1,"column":37},"end":{"line":5,"column":1}},"line":1},"1":{"name":"functionalFilterNegativeNumbers","decl":{"start":{"line":7,"column":16},"end":{"line":7,"column":47}},"loc":{"start":{"line":7,"column":56},"end":{"line":15,"column":1}},"line":7},"2":{"name":"isNoNegative","decl":{"start":{"line":8,"column":17},"end":{"line":8,"column":29}},"loc":{"start":{"line":8,"column":37},"end":{"line":10,"column":9}},"line":8},"3":{"name":"filterNegativeNumbers","decl":{"start":{"line":17,"column":16},"end":{"line":17,"column":37}},"loc":{"start":{"line":17,"column":46},"end":{"line":25,"column":1}},"line":17},"4":{"name":"functionalMapNumbersIntoStrings","decl":{"start":{"line":27,"column":16},"end":{"line":27,"column":47}},"loc":{"start":{"line":27,"column":59},"end":{"line":29,"column":1}},"line":27},"5":{"name":"mapNumbersIntoStrings","decl":{"start":{"line":31,"column":16},"end":{"line":31,"column":37}},"loc":{"start":{"line":31,"column":49},"end":{"line":37,"column":1}},"line":31},"6":{"name":"printType","decl":{"start":{"line":39,"column":16},"end":{"line":39,"column":25}},"loc":{"start":{"line":39,"column":35},"end":{"line":41,"column":1}},"line":39},"7":{"name":"isPalindrome","decl":{"start":{"line":43,"column":16},"end":{"line":43,"column":28}},"loc":{"start":{"line":43,"column":34},"end":{"line":46,"column":1}},"line":43},"8":{"name":"(anonymous_8)","decl":{"start":{"line":49,"column":8},"end":{"line":49,"column":9}},"loc":{"start":{"line":49,"column":30},"end":{"line":52,"column":9}},"line":49},"9":{"name":"(anonymous_9)","decl":{"start":{"line":53,"column":8},"end":{"line":53,"column":9}},"loc":{"start":{"line":53,"column":19},"end":{"line":55,"column":9}},"line":53},"10":{"name":"printOutPersonAge","decl":{"start":{"line":58,"column":16},"end":{"line":58,"column":33}},"loc":{"start":{"line":58,"column":41},"end":{"line":61,"column":1}},"line":58}},"branchMap":{"0":{"loc":{"start":{"line":20,"column":16},"end":{"line":22,"column":17}},"type":"if","locations":[{"start":{"line":20,"column":16},"end":{"line":22,"column":17}},{"start":{"line":20,"column":16},"end":{"line":22,"column":17}}],"line":20}},"s":{"0":0,"1":0,"2":0,"3":0,"4":0,"5":0,"6":0,"7":0,"8":0,"9":0,"10":0,"11":0,"12":0,"13":0,"14":0,"15":0,"16":0,"17":0,"18":0,"19":0,"20":0,"21":0},"f":{"0":0,"1":0,"2":0,"3":0,"4":0,"5":0,"6":0,"7":0,"8":0,"9":0,"10":0},"b":{"0":[0,0]},"_coverageSchema":"332fd63041d2c1bcb487cc26dd0d5f7d97098a6c","hash":"92ddd7d5938208d50b08b60d4a2aa1d555dab7eb"}
}
