TN:
SF:/Users/bootcamp/Desktop/hb-javascript-test-101/script.js
FN:1,generateRandomColor
FN:7,functionalFilterNegativeNumbers
FN:8,isNoNegative
FN:17,filterNegativeNumbers
FN:27,functionalMapNumbersIntoStrings
FN:31,mapNumbersIntoStrings
FN:39,printType
FN:43,isPalindrome
FN:49,(anonymous_8)
FN:53,(anonymous_9)
FN:58,printOutPersonAge
FNF:11
FNH:0
FNDA:0,generateRandomColor
FNDA:0,functionalFilterNegativeNumbers
FNDA:0,isNoNegative
FNDA:0,filterNegativeNumbers
FNDA:0,functionalMapNumbersIntoStrings
FNDA:0,mapNumbersIntoStrings
FNDA:0,printType
FNDA:0,isPalindrome
FNDA:0,(anonymous_8)
FNDA:0,(anonymous_9)
FNDA:0,printOutPersonAge
DA:2,0
DA:9,0
DA:11,0
DA:12,0
DA:13,0
DA:18,0
DA:19,0
DA:20,0
DA:21,0
DA:24,0
DA:28,0
DA:32,0
DA:33,0
DA:34,0
DA:36,0
DA:40,0
DA:44,0
DA:45,0
DA:50,0
DA:51,0
DA:54,0
DA:59,0
LF:22
LH:0
BRDA:20,0,0,0
BRDA:20,0,1,0
BRF:2
BRH:0
end_of_record
